# JRE version: OpenJDK Runtime Environment (11.0.11) (build 11.0.11+0-b60-7590822)
# Java VM: OpenJDK 64-Bit Server VM (11.0.11+0-b60-7590822, mixed mode, tiered, compressed oops, g1 gc, bsd-amd64)
Heap:
 garbage-first heap   total 196608K, used 160598K [0x0000000780000000, 0x0000000800000000)
  region size 1024K, 51 young (52224K), 5 survivors (5120K)
 Metaspace       used 100967K, capacity 103690K, committed 103884K, reserved 1138688K
  class space    used 13211K, capacity 14254K, committed 14284K, reserved 1048576K
GC Heap History (20 events):
Event: 35.114 GC heap after
{Heap after GC invocations=18 (full 0):
 garbage-first heap   total 196608K, used 62735K [0x0000000780000000, 0x0000000800000000)
  region size 1024K, 11 young (11264K), 11 survivors (11264K)
 Metaspace       used 71330K, capacity 72943K, committed 73292K, reserved 1112064K
  class space    used 9308K, capacity 9921K, committed 10060K, reserved 1048576K
}
Event: 37.759 GC heap before
{Heap before GC invocations=18 (full 0):
 garbage-first heap   total 196608K, used 137487K [0x0000000780000000, 0x0000000800000000)
  region size 1024K, 84 young (86016K), 11 survivors (11264K)
 Metaspace       used 78424K, capacity 80329K, committed 80460K, reserved 1118208K
  class space    used 10313K, capacity 11025K, committed 11084K, reserved 1048576K
}
Event: 37.782 GC heap after
{Heap after GC invocations=19 (full 0):
 garbage-first heap   total 196608K, used 68385K [0x0000000780000000, 0x0000000800000000)
  region size 1024K, 11 young (11264K), 11 survivors (11264K)
 Metaspace       used 78424K, capacity 80329K, committed 80460K, reserved 1118208K
  class space    used 10313K, capacity 11025K, committed 11084K, reserved 1048576K
}
Event: 43.008 GC heap before
{Heap before GC invocations=19 (full 0):
 garbage-first heap   total 196608K, used 142113K [0x0000000780000000, 0x0000000800000000)
  region size 1024K, 84 young (86016K), 11 survivors (11264K)
 Metaspace       used 80247K, capacity 82261K, committed 82508K, reserved 1120256K
  class space    used 10495K, capacity 11238K, committed 11340K, reserved 1048576K
}
Event: 43.032 GC heap after
{Heap after GC invocations=20 (full 0):
 garbage-first heap   total 196608K, used 73638K [0x0000000780000000, 0x0000000800000000)
  region size 1024K, 11 young (11264K), 11 survivors (11264K)
 Metaspace       used 80247K, capacity 82261K, committed 82508K, reserved 1120256K
  class space    used 10495K, capacity 11238K, committed 11340K, reserved 1048576K
}
Event: 47.404 GC heap before
{Heap before GC invocations=20 (full 0):
 garbage-first heap   total 196608K, used 146342K [0x0000000780000000, 0x0000000800000000)
  region size 1024K, 83 young (84992K), 11 survivors (11264K)
 Metaspace       used 80997K, capacity 83091K, committed 83276K, reserved 1122304K
  class space    used 10545K, capacity 11298K, committed 11340K, reserved 1048576K
}
Event: 47.435 GC heap after
{Heap after GC invocations=21 (full 0):
 garbage-first heap   total 196608K, used 79086K [0x0000000780000000, 0x0000000800000000)
  region size 1024K, 11 young (11264K), 11 survivors (11264K)
 Metaspace       used 80997K, capacity 83091K, committed 83276K, reserved 1122304K
  class space    used 10545K, capacity 11298K, committed 11340K, reserved 1048576K
}
Event: 52.393 GC heap before
{Heap before GC invocations=21 (full 0):
 garbage-first heap   total 196608K, used 150766K [0x0000000780000000, 0x0000000800000000)
  region size 1024K, 82 young (83968K), 11 survivors (11264K)
 Metaspace       used 81317K, capacity 83500K, committed 83660K, reserved 1122304K
  class space    used 10583K, capacity 11379K, committed 11468K, reserved 1048576K
}
Event: 52.418 GC heap after
{Heap after GC invocations=22 (full 0):
 garbage-first heap   total 196608K, used 83680K [0x0000000780000000, 0x0000000800000000)
  region size 1024K, 10 young (10240K), 10 survivors (10240K)
 Metaspace       used 81317K, capacity 83500K, committed 83660K, reserved 1122304K
  class space    used 10583K, capacity 11379K, committed 11468K, reserved 1048576K
}
Event: 55.097 GC heap before
{Heap before GC invocations=22 (full 0):
 garbage-first heap   total 196608K, used 154336K [0x0000000780000000, 0x0000000800000000)
  region size 1024K, 80 young (81920K), 10 survivors (10240K)
 Metaspace       used 84440K, capacity 86597K, committed 86860K, reserved 1124352K
  class space    used 10951K, capacity 11731K, committed 11852K, reserved 1048576K
}
Event: 55.139 GC heap after
{Heap after GC invocations=23 (full 0):
 garbage-first heap   total 196608K, used 92418K [0x0000000780000000, 0x0000000800000000)
  region size 1024K, 10 young (10240K), 10 survivors (10240K)
 Metaspace       used 84440K, capacity 86597K, committed 86860K, reserved 1124352K
  class space    used 10951K, capacity 11731K, committed 11852K, reserved 1048576K
}
Event: 59.993 GC heap before
{Heap before GC invocations=23 (full 0):
 garbage-first heap   total 196608K, used 155906K [0x0000000780000000, 0x0000000800000000)
  region size 1024K, 71 young (72704K), 10 survivors (10240K)
 Metaspace       used 89812K, capacity 92045K, committed 92364K, reserved 1128448K
  class space    used 11601K, capacity 12394K, committed 12492K, reserved 1048576K
}
Event: 60.027 GC heap after
{Heap after GC invocations=24 (full 0):
 garbage-first heap   total 196608K, used 107230K [0x0000000780000000, 0x0000000800000000)
  region size 1024K, 9 young (9216K), 9 survivors (9216K)
 Metaspace       used 89812K, capacity 92045K, committed 92364K, reserved 1128448K
  class space    used 11601K, capacity 12394K, committed 12492K, reserved 1048576K
}
Event: 62.201 GC heap before
{Heap before GC invocations=24 (full 0):
 garbage-first heap   total 196608K, used 154334K [0x0000000780000000, 0x0000000800000000)
  region size 1024K, 56 young (57344K), 9 survivors (9216K)
 Metaspace       used 92304K, capacity 94769K, committed 95052K, reserved 1132544K
  class space    used 11884K, capacity 12830K, committed 12876K, reserved 1048576K
}
Event: 62.242 GC heap after
{Heap after GC invocations=25 (full 0):
 garbage-first heap   total 196608K, used 110488K [0x0000000780000000, 0x0000000800000000)
  region size 1024K, 6 young (6144K), 6 survivors (6144K)
 Metaspace       used 92304K, capacity 94769K, committed 95052K, reserved 1132544K
  class space    used 11884K, capacity 12830K, committed 12876K, reserved 1048576K
}
Event: 64.644 GC heap before
{Heap before GC invocations=26 (full 0):
 garbage-first heap   total 196608K, used 155544K [0x0000000780000000, 0x0000000800000000)
  region size 1024K, 51 young (52224K), 6 survivors (6144K)
 Metaspace       used 92259K, capacity 94748K, committed 95052K, reserved 1132544K
  class space    used 11867K, capacity 12801K, committed 12876K, reserved 1048576K
}
Event: 64.661 GC heap after
{Heap after GC invocations=27 (full 0):
 garbage-first heap   total 196608K, used 112640K [0x0000000780000000, 0x0000000800000000)
  region size 1024K, 3 young (3072K), 3 survivors (3072K)
 Metaspace       used 92259K, capacity 94748K, committed 95052K, reserved 1132544K
  class space    used 11867K, capacity 12801K, committed 12876K, reserved 1048576K
}
Event: 67.747 GC heap before
{Heap before GC invocations=27 (full 0):
 garbage-first heap   total 196608K, used 158720K [0x0000000780000000, 0x0000000800000000)
  region size 1024K, 49 young (50176K), 3 survivors (3072K)
 Metaspace       used 92299K, capacity 94760K, committed 95052K, reserved 1132544K
  class space    used 11870K, capacity 12803K, committed 12876K, reserved 1048576K
}
Event: 67.758 GC heap after
{Heap after GC invocations=28 (full 0):
 garbage-first heap   total 196608K, used 114518K [0x0000000780000000, 0x0000000800000000)
  region size 1024K, 5 young (5120K), 5 survivors (5120K)
 Metaspace       used 92299K, capacity 94760K, committed 95052K, reserved 1132544K
  class space    used 11870K, capacity 12803K, committed 12876K, reserved 1048576K
}
Event: 76.345 GC heap before
{Heap before GC invocations=29 (full 0):
 garbage-first heap   total 196608K, used 159574K [0x0000000780000000, 0x0000000800000000)
  region size 1024K, 51 young (52224K), 5 survivors (5120K)
 Metaspace       used 100967K, capacity 103690K, committed 103884K, reserved 1138688K
  class space    used 13211K, capacity 14254K, committed 14284K, reserved 1048576K
}

